2 9066.02
3 3024.8
4 3766
5 1.29011e+006
6 264.706
7 587.929
8 2325.18
9 125265
10 127074
11 46604.1
12 103.929
13 21585.2
14 190424
15 893.755
16 1694.64
17 40555.3
18 19151.1
19 1165.2
20 135432
21 15.8476
22 100643
23 1.88122e+007
24 32690.1
25 19670.3
26 18023.4
27 9.62784e+006
28 152659
29 9091.25
30 16714.6
31 67275.1
32 1.22498e+008
33 35654.2
34 5196.46
35 229.501
36 7755.06
37 43208.1
38 8916.08
39 55953.2
40 203215
41 2684.11
42 751.528
43 69975.6
44 18724
45 1099.8
46 3.1896
47 4321.62
48 34.7871
49 337.429
50 2193.49
51 1581.53
52 39538.5
53 4585.86
54 961.548
55 795461
56 202747
57 1868.7
58 3683.37
59 3609.59
60 203309
61 44780.8
62 1907.83
63 293025
64 4080.56
65 91855
66 14833.8
67 115586
68 3.34456e+006
69 475164
70 13890.7
71 546262
72 9431.72
73 445069
74 76595.8
75 412731
76 1.03289e+006
77 2696.87
78 108444
79 3162.11
80 14556.7
